<?xml version="1.0" encoding="UTF-8"?>
<!-- Generated by org.testng.reporters.JUnitReportReporter -->
<testsuite hostname="DESKTOP-3JG0K1M" failures="0" tests="1" name="runner.TestRunner" time="38.006" errors="0" timestamp="2024-11-02T10:02:18 GMT" skipped="0">
  <testcase classname="runner.TestRunner" name="runScenario" time="38.006"/>
</testsuite> <!-- runner.TestRunner -->
